<?xml version="1.0" encoding="UTF-8"?>
<!-- Generated by org.testng.reporters.JUnitReportReporter -->
<testsuite skipped="0" hostname="DESKTOP-2TMQMFN" name="testcases.ExcuteTest" tests="6" failures="0" timestamp="01 Jan 2019 05:14:45 GMT" time="15.893" errors="0">
  <testcase name="launchFlightReservationApplication" time="3.534" classname="testcases.ExcuteTest"/>
  <testcase name="verifyWebTable" time="1.371" classname="testcases.ExcuteTest"/>
  <testcase name="login" time="5.035" classname="testcases.ExcuteTest"/>
  <testcase name="reserveAFlight" time="3.258" classname="testcases.ExcuteTest"/>
  <testcase name="verifyLinks" time="0.454" classname="testcases.ExcuteTest"/>
  <testcase name="bookATicket" time="2.241" classname="testcases.ExcuteTest"/>
</testsuite> <!-- testcases.ExcuteTest -->
